#
# There is insufficient memory for the Java Runtime Environment to continue.
# Native memory allocation (malloc) failed to allocate 1223856 bytes. Error detail: Chunk::new
# Possible reasons:
#   The system is out of physical RAM or swap space
#   This process is running with CompressedOops enabled, and the Java Heap may be blocking the growth of the native heap
# Possible solutions:
#   Reduce memory load on the system
#   Increase physical memory or swap space
#   Check if swap backing store is full
#   Decrease Java heap size (-Xmx/-Xms)
#   Decrease number of Java threads
#   Decrease Java thread stack sizes (-Xss)
#   Set larger code cache with -XX:ReservedCodeCacheSize=
#   JVM is running with Zero Based Compressed Oops mode in which the Java heap is
#     placed in the first 32GB address space. The Java Heap base address is the
#     maximum limit for the native heap growth. Please use -XX:HeapBaseMinAddress
#     to set the Java Heap base and to place the Java Heap above 32GB virtual address.
# This output file may be truncated or incomplete.
#
#  Out of Memory Error (arena.cpp:168), pid=18532, tid=8352
#
# JRE version: OpenJDK Runtime Environment (21.0.3) (build 21.0.3+-12282718-b509.11)
# Java VM: OpenJDK 64-Bit Server VM (21.0.3+-12282718-b509.11, mixed mode, tiered, compressed oops, compressed class ptrs, g1 gc, windows-amd64)
# No core dump will be written. Minidumps are not enabled by default on client versions of Windows
#

---------------  S U M M A R Y ------------

Command Line: git4idea.http.GitAskPassApp Username for 'https://github.com': 

Host: 13th Gen Intel(R) Core(TM) i7-13620H, 16 cores, 15G,  Windows 11 , 64 bit Build 26100 (10.0.26100.3323)
Time: Mon May 19 09:10:44 2025 SE Asia Standard Time elapsed time: 1.437017 seconds (0d 0h 0m 1s)

---------------  T H R E A D  ---------------

Current thread (0x000001abaa609760):  JavaThread "C2 CompilerThread2" daemon [_thread_in_native, id=8352, stack(0x0000007e83500000,0x0000007e83600000) (1024K)]


Current CompileTask:
C2:   1437 1097       4       sun.security.ec.ECOperations::setDouble (463 bytes)

Stack: [0x0000007e83500000,0x0000007e83600000]
Native frames: (J=compiled Java code, j=interpreted, Vv=VM code, C=native code)
V  [jvm.dll+0x6cafb9]
V  [jvm.dll+0x858523]
V  [jvm.dll+0x85aa7e]
V  [jvm.dll+0x85b163]
V  [jvm.dll+0x27d356]
V  [jvm.dll+0xbf93d]
V  [jvm.dll+0xbfe73]
V  [jvm.dll+0x3b1cb1]
V  [jvm.dll+0x37e787]
V  [jvm.dll+0x37dbfa]
V  [jvm.dll+0x246b02]
V  [jvm.dll+0x2460d1]
V  [jvm.dll+0x1c5804]
V  [jvm.dll+0x25575c]
V  [jvm.dll+0x253c36]
V  [jvm.dll+0x3ec996]
V  [jvm.dll+0x800d78]
V  [jvm.dll+0x6c98cd]
C  [ucrtbase.dll+0x37b0]
C  [KERNEL32.DLL+0x2e8d7]
C  [ntdll.dll+0xbbf6c]


---------------  P R O C E S S  ---------------

Threads class SMR info:
_java_thread_list=0x000001abaa492680, length=17, elements={
0x000001ab88cb2580, 0x000001aba59ac370, 0x000001aba59aced0, 0x000001aba59caaf0,
0x000001aba59cd560, 0x000001aba59cdfc0, 0x000001aba59cea20, 0x000001aba59cf7b0,
0x000001aba59dafb0, 0x000001aba5a7b860, 0x000001aba5b8ff70, 0x000001aba5ba0a30,
0x000001abaa419920, 0x000001abaa48a130, 0x000001abaa49ebb0, 0x000001abaa5a7700,
0x000001abaa609760
}

Java Threads: ( => current thread )
  0x000001ab88cb2580 JavaThread "main"                              [_thread_blocked, id=19204, stack(0x0000007e81d00000,0x0000007e81e00000) (1024K)]
  0x000001aba59ac370 JavaThread "Reference Handler"          daemon [_thread_blocked, id=20708, stack(0x0000007e82500000,0x0000007e82600000) (1024K)]
  0x000001aba59aced0 JavaThread "Finalizer"                  daemon [_thread_blocked, id=6116, stack(0x0000007e82600000,0x0000007e82700000) (1024K)]
  0x000001aba59caaf0 JavaThread "Signal Dispatcher"          daemon [_thread_blocked, id=21412, stack(0x0000007e82700000,0x0000007e82800000) (1024K)]
  0x000001aba59cd560 JavaThread "Attach Listener"            daemon [_thread_blocked, id=3592, stack(0x0000007e82800000,0x0000007e82900000) (1024K)]
  0x000001aba59cdfc0 JavaThread "Service Thread"             daemon [_thread_blocked, id=18772, stack(0x0000007e82900000,0x0000007e82a00000) (1024K)]
  0x000001aba59cea20 JavaThread "Monitor Deflation Thread"   daemon [_thread_blocked, id=19988, stack(0x0000007e82a00000,0x0000007e82b00000) (1024K)]
  0x000001aba59cf7b0 JavaThread "C2 CompilerThread0"         daemon [_thread_blocked, id=18912, stack(0x0000007e82b00000,0x0000007e82c00000) (1024K)]
  0x000001aba59dafb0 JavaThread "C1 CompilerThread0"         daemon [_thread_blocked, id=20724, stack(0x0000007e82c00000,0x0000007e82d00000) (1024K)]
  0x000001aba5a7b860 JavaThread "C1 CompilerThread1"         daemon [_thread_blocked, id=18576, stack(0x0000007e82d00000,0x0000007e82e00000) (1024K)]
  0x000001aba5b8ff70 JavaThread "Notification Thread"        daemon [_thread_blocked, id=6996, stack(0x0000007e82e00000,0x0000007e82f00000) (1024K)]
  0x000001aba5ba0a30 JavaThread "Common-Cleaner"             daemon [_thread_blocked, id=20144, stack(0x0000007e82f00000,0x0000007e83000000) (1024K)]
  0x000001abaa419920 JavaThread "HttpClient-1-SelectorManager" daemon [_thread_in_native, id=21476, stack(0x0000007e83000000,0x0000007e83100000) (1024K)]
  0x000001abaa48a130 JavaThread "HttpClient-1-Worker-0"      daemon [_thread_blocked, id=19580, stack(0x0000007e83200000,0x0000007e83300000) (1024K)]
  0x000001abaa49ebb0 JavaThread "HttpClient-1-Worker-1"      daemon [_thread_blocked, id=15844, stack(0x0000007e83300000,0x0000007e83400000) (1024K)]
  0x000001abaa5a7700 JavaThread "C2 CompilerThread1"         daemon [_thread_blocked, id=13724, stack(0x0000007e83400000,0x0000007e83500000) (1024K)]
=>0x000001abaa609760 JavaThread "C2 CompilerThread2"         daemon [_thread_in_native, id=8352, stack(0x0000007e83500000,0x0000007e83600000) (1024K)]
Total: 17

Other Threads:
  0x000001aba59522e0 VMThread "VM Thread"                           [id=7572, stack(0x0000007e82400000,0x0000007e82500000) (1024K)]
  0x000001aba567d3b0 WatcherThread "VM Periodic Task Thread"        [id=21328, stack(0x0000007e82300000,0x0000007e82400000) (1024K)]
  0x000001ab8a7bcb80 WorkerThread "GC Thread#0"                     [id=20348, stack(0x0000007e81e00000,0x0000007e81f00000) (1024K)]
  0x000001ab8a7ce4f0 ConcurrentGCThread "G1 Main Marker"            [id=7212, stack(0x0000007e81f00000,0x0000007e82000000) (1024K)]
  0x000001ab8a7ceff0 WorkerThread "G1 Conc#0"                       [id=18824, stack(0x0000007e82000000,0x0000007e82100000) (1024K)]
  0x000001aba553df20 ConcurrentGCThread "G1 Refine#0"               [id=18476, stack(0x0000007e82100000,0x0000007e82200000) (1024K)]
  0x000001aba553f940 ConcurrentGCThread "G1 Service"                [id=9056, stack(0x0000007e82200000,0x0000007e82300000) (1024K)]
Total: 7

Threads with active compile tasks:
C2 CompilerThread2     1450 1097       4       sun.security.ec.ECOperations::setDouble (463 bytes)
Total: 1

VM state: not at safepoint (normal execution)

VM Mutex/Monitor currently owned by a thread: None

Heap address: 0x0000000704a00000, size: 4022 MB, Compressed Oops mode: Zero based, Oop shift amount: 3

CDS archive(s) not mapped
Compressed class space mapped at: 0x0000000800000000-0x0000000840000000, reserved size: 1073741824
Narrow klass base: 0x0000000800000000, Narrow klass shift: 0, Narrow klass range: 0x40000000

GC Precious Log:
 CardTable entry size: 512
 Card Set container configuration: InlinePtr #cards 4 size 8 Array Of Cards #cards 16 size 48 Howl #buckets 8 coarsen threshold 3686 Howl Bitmap #cards 512 size 80 coarsen threshold 460 Card regions per heap region 1 cards per card region 4096
 CPUs: 16 total, 16 available
 Memory: 16087M
 Large Page Support: Disabled
 NUMA Support: Disabled
 Compressed Oops: Enabled (Zero based)
 Heap Region Size: 2M
 Heap Min Capacity: 8M
 Heap Initial Capacity: 252M
 Heap Max Capacity: 4022M
 Pre-touch: Disabled
 Parallel Workers: 13
 Concurrent Workers: 3
 Concurrent Refinement Workers: 13
 Periodic GC: Disabled

Heap:
 garbage-first heap   total 258048K, used 14336K [0x0000000704a00000, 0x0000000800000000)
  region size 2048K, 8 young (16384K), 0 survivors (0K)
 Metaspace       used 16900K, committed 17152K, reserved 1114112K
  class space    used 1812K, committed 1920K, reserved 1048576K

Heap Regions: E=young(eden), S=young(survivor), O=old, HS=humongous(starts), HC=humongous(continues), CS=collection set, F=free, TAMS=top-at-mark-start, PB=parsable bottom
|   0|0x0000000704a00000, 0x0000000704a00000, 0x0000000704c00000|  0%| F|  |TAMS 0x0000000704a00000| PB 0x0000000704a00000| Untracked 
|   1|0x0000000704c00000, 0x0000000704c00000, 0x0000000704e00000|  0%| F|  |TAMS 0x0000000704c00000| PB 0x0000000704c00000| Untracked 
|   2|0x0000000704e00000, 0x0000000704e00000, 0x0000000705000000|  0%| F|  |TAMS 0x0000000704e00000| PB 0x0000000704e00000| Untracked 
|   3|0x0000000705000000, 0x0000000705000000, 0x0000000705200000|  0%| F|  |TAMS 0x0000000705000000| PB 0x0000000705000000| Untracked 
|   4|0x0000000705200000, 0x0000000705200000, 0x0000000705400000|  0%| F|  |TAMS 0x0000000705200000| PB 0x0000000705200000| Untracked 
|   5|0x0000000705400000, 0x0000000705400000, 0x0000000705600000|  0%| F|  |TAMS 0x0000000705400000| PB 0x0000000705400000| Untracked 
|   6|0x0000000705600000, 0x0000000705600000, 0x0000000705800000|  0%| F|  |TAMS 0x0000000705600000| PB 0x0000000705600000| Untracked 
|   7|0x0000000705800000, 0x0000000705800000, 0x0000000705a00000|  0%| F|  |TAMS 0x0000000705800000| PB 0x0000000705800000| Untracked 
|   8|0x0000000705a00000, 0x0000000705a00000, 0x0000000705c00000|  0%| F|  |TAMS 0x0000000705a00000| PB 0x0000000705a00000| Untracked 
|   9|0x0000000705c00000, 0x0000000705c00000, 0x0000000705e00000|  0%| F|  |TAMS 0x0000000705c00000| PB 0x0000000705c00000| Untracked 
|  10|0x0000000705e00000, 0x0000000705e00000, 0x0000000706000000|  0%| F|  |TAMS 0x0000000705e00000| PB 0x0000000705e00000| Untracked 
|  11|0x0000000706000000, 0x0000000706000000, 0x0000000706200000|  0%| F|  |TAMS 0x0000000706000000| PB 0x0000000706000000| Untracked 
|  12|0x0000000706200000, 0x0000000706200000, 0x0000000706400000|  0%| F|  |TAMS 0x0000000706200000| PB 0x0000000706200000| Untracked 
|  13|0x0000000706400000, 0x0000000706400000, 0x0000000706600000|  0%| F|  |TAMS 0x0000000706400000| PB 0x0000000706400000| Untracked 
|  14|0x0000000706600000, 0x0000000706600000, 0x0000000706800000|  0%| F|  |TAMS 0x0000000706600000| PB 0x0000000706600000| Untracked 
|  15|0x0000000706800000, 0x0000000706800000, 0x0000000706a00000|  0%| F|  |TAMS 0x0000000706800000| PB 0x0000000706800000| Untracked 
|  16|0x0000000706a00000, 0x0000000706a00000, 0x0000000706c00000|  0%| F|  |TAMS 0x0000000706a00000| PB 0x0000000706a00000| Untracked 
|  17|0x0000000706c00000, 0x0000000706c00000, 0x0000000706e00000|  0%| F|  |TAMS 0x0000000706c00000| PB 0x0000000706c00000| Untracked 
|  18|0x0000000706e00000, 0x0000000706e00000, 0x0000000707000000|  0%| F|  |TAMS 0x0000000706e00000| PB 0x0000000706e00000| Untracked 
|  19|0x0000000707000000, 0x0000000707000000, 0x0000000707200000|  0%| F|  |TAMS 0x0000000707000000| PB 0x0000000707000000| Untracked 
|  20|0x0000000707200000, 0x0000000707200000, 0x0000000707400000|  0%| F|  |TAMS 0x0000000707200000| PB 0x0000000707200000| Untracked 
|  21|0x0000000707400000, 0x0000000707400000, 0x0000000707600000|  0%| F|  |TAMS 0x0000000707400000| PB 0x0000000707400000| Untracked 
|  22|0x0000000707600000, 0x0000000707600000, 0x0000000707800000|  0%| F|  |TAMS 0x0000000707600000| PB 0x0000000707600000| Untracked 
|  23|0x0000000707800000, 0x0000000707800000, 0x0000000707a00000|  0%| F|  |TAMS 0x0000000707800000| PB 0x0000000707800000| Untracked 
|  24|0x0000000707a00000, 0x0000000707a00000, 0x0000000707c00000|  0%| F|  |TAMS 0x0000000707a00000| PB 0x0000000707a00000| Untracked 
|  25|0x0000000707c00000, 0x0000000707c00000, 0x0000000707e00000|  0%| F|  |TAMS 0x0000000707c00000| PB 0x0000000707c00000| Untracked 
|  26|0x0000000707e00000, 0x0000000707e00000, 0x0000000708000000|  0%| F|  |TAMS 0x0000000707e00000| PB 0x0000000707e00000| Untracked 
|  27|0x0000000708000000, 0x0000000708000000, 0x0000000708200000|  0%| F|  |TAMS 0x0000000708000000| PB 0x0000000708000000| Untracked 
|  28|0x0000000708200000, 0x0000000708200000, 0x0000000708400000|  0%| F|  |TAMS 0x0000000708200000| PB 0x0000000708200000| Untracked 
|  29|0x0000000708400000, 0x0000000708400000, 0x0000000708600000|  0%| F|  |TAMS 0x0000000708400000| PB 0x0000000708400000| Untracked 
|  30|0x0000000708600000, 0x0000000708600000, 0x0000000708800000|  0%| F|  |TAMS 0x0000000708600000| PB 0x0000000708600000| Untracked 
|  31|0x0000000708800000, 0x0000000708800000, 0x0000000708a00000|  0%| F|  |TAMS 0x0000000708800000| PB 0x0000000708800000| Untracked 
|  32|0x0000000708a00000, 0x0000000708a00000, 0x0000000708c00000|  0%| F|  |TAMS 0x0000000708a00000| PB 0x0000000708a00000| Untracked 
|  33|0x0000000708c00000, 0x0000000708c00000, 0x0000000708e00000|  0%| F|  |TAMS 0x0000000708c00000| PB 0x0000000708c00000| Untracked 
|  34|0x0000000708e00000, 0x0000000708e00000, 0x0000000709000000|  0%| F|  |TAMS 0x0000000708e00000| PB 0x0000000708e00000| Untracked 
|  35|0x0000000709000000, 0x0000000709000000, 0x0000000709200000|  0%| F|  |TAMS 0x0000000709000000| PB 0x0000000709000000| Untracked 
|  36|0x0000000709200000, 0x0000000709200000, 0x0000000709400000|  0%| F|  |TAMS 0x0000000709200000| PB 0x0000000709200000| Untracked 
|  37|0x0000000709400000, 0x0000000709400000, 0x0000000709600000|  0%| F|  |TAMS 0x0000000709400000| PB 0x0000000709400000| Untracked 
|  38|0x0000000709600000, 0x0000000709600000, 0x0000000709800000|  0%| F|  |TAMS 0x0000000709600000| PB 0x0000000709600000| Untracked 
|  39|0x0000000709800000, 0x0000000709800000, 0x0000000709a00000|  0%| F|  |TAMS 0x0000000709800000| PB 0x0000000709800000| Untracked 
|  40|0x0000000709a00000, 0x0000000709a00000, 0x0000000709c00000|  0%| F|  |TAMS 0x0000000709a00000| PB 0x0000000709a00000| Untracked 
|  41|0x0000000709c00000, 0x0000000709c00000, 0x0000000709e00000|  0%| F|  |TAMS 0x0000000709c00000| PB 0x0000000709c00000| Untracked 
|  42|0x0000000709e00000, 0x0000000709e00000, 0x000000070a000000|  0%| F|  |TAMS 0x0000000709e00000| PB 0x0000000709e00000| Untracked 
|  43|0x000000070a000000, 0x000000070a000000, 0x000000070a200000|  0%| F|  |TAMS 0x000000070a000000| PB 0x000000070a000000| Untracked 
|  44|0x000000070a200000, 0x000000070a200000, 0x000000070a400000|  0%| F|  |TAMS 0x000000070a200000| PB 0x000000070a200000| Untracked 
|  45|0x000000070a400000, 0x000000070a400000, 0x000000070a600000|  0%| F|  |TAMS 0x000000070a400000| PB 0x000000070a400000| Untracked 
|  46|0x000000070a600000, 0x000000070a600000, 0x000000070a800000|  0%| F|  |TAMS 0x000000070a600000| PB 0x000000070a600000| Untracked 
|  47|0x000000070a800000, 0x000000070a800000, 0x000000070aa00000|  0%| F|  |TAMS 0x000000070a800000| PB 0x000000070a800000| Untracked 
|  48|0x000000070aa00000, 0x000000070aa00000, 0x000000070ac00000|  0%| F|  |TAMS 0x000000070aa00000| PB 0x000000070aa00000| Untracked 
|  49|0x000000070ac00000, 0x000000070ac00000, 0x000000070ae00000|  0%| F|  |TAMS 0x000000070ac00000| PB 0x000000070ac00000| Untracked 
|  50|0x000000070ae00000, 0x000000070ae00000, 0x000000070b000000|  0%| F|  |TAMS 0x000000070ae00000| PB 0x000000070ae00000| Untracked 
|  51|0x000000070b000000, 0x000000070b000000, 0x000000070b200000|  0%| F|  |TAMS 0x000000070b000000| PB 0x000000070b000000| Untracked 
|  52|0x000000070b200000, 0x000000070b200000, 0x000000070b400000|  0%| F|  |TAMS 0x000000070b200000| PB 0x000000070b200000| Untracked 
|  53|0x000000070b400000, 0x000000070b400000, 0x000000070b600000|  0%| F|  |TAMS 0x000000070b400000| PB 0x000000070b400000| Untracked 
|  54|0x000000070b600000, 0x000000070b600000, 0x000000070b800000|  0%| F|  |TAMS 0x000000070b600000| PB 0x000000070b600000| Untracked 
|  55|0x000000070b800000, 0x000000070b800000, 0x000000070ba00000|  0%| F|  |TAMS 0x000000070b800000| PB 0x000000070b800000| Untracked 
|  56|0x000000070ba00000, 0x000000070ba00000, 0x000000070bc00000|  0%| F|  |TAMS 0x000000070ba00000| PB 0x000000070ba00000| Untracked 
|  57|0x000000070bc00000, 0x000000070bc00000, 0x000000070be00000|  0%| F|  |TAMS 0x000000070bc00000| PB 0x000000070bc00000| Untracked 
|  58|0x000000070be00000, 0x000000070be00000, 0x000000070c000000|  0%| F|  |TAMS 0x000000070be00000| PB 0x000000070be00000| Untracked 
|  59|0x000000070c000000, 0x000000070c000000, 0x000000070c200000|  0%| F|  |TAMS 0x000000070c000000| PB 0x000000070c000000| Untracked 
|  60|0x000000070c200000, 0x000000070c200000, 0x000000070c400000|  0%| F|  |TAMS 0x000000070c200000| PB 0x000000070c200000| Untracked 
|  61|0x000000070c400000, 0x000000070c400000, 0x000000070c600000|  0%| F|  |TAMS 0x000000070c400000| PB 0x000000070c400000| Untracked 
|  62|0x000000070c600000, 0x000000070c600000, 0x000000070c800000|  0%| F|  |TAMS 0x000000070c600000| PB 0x000000070c600000| Untracked 
|  63|0x000000070c800000, 0x000000070c800000, 0x000000070ca00000|  0%| F|  |TAMS 0x000000070c800000| PB 0x000000070c800000| Untracked 
|  64|0x000000070ca00000, 0x000000070ca00000, 0x000000070cc00000|  0%| F|  |TAMS 0x000000070ca00000| PB 0x000000070ca00000| Untracked 
|  65|0x000000070cc00000, 0x000000070cc00000, 0x000000070ce00000|  0%| F|  |TAMS 0x000000070cc00000| PB 0x000000070cc00000| Untracked 
|  66|0x000000070ce00000, 0x000000070ce00000, 0x000000070d000000|  0%| F|  |TAMS 0x000000070ce00000| PB 0x000000070ce00000| Untracked 
|  67|0x000000070d000000, 0x000000070d000000, 0x000000070d200000|  0%| F|  |TAMS 0x000000070d000000| PB 0x000000070d000000| Untracked 
|  68|0x000000070d200000, 0x000000070d200000, 0x000000070d400000|  0%| F|  |TAMS 0x000000070d200000| PB 0x000000070d200000| Untracked 
|  69|0x000000070d400000, 0x000000070d400000, 0x000000070d600000|  0%| F|  |TAMS 0x000000070d400000| PB 0x000000070d400000| Untracked 
|  70|0x000000070d600000, 0x000000070d600000, 0x000000070d800000|  0%| F|  |TAMS 0x000000070d600000| PB 0x000000070d600000| Untracked 
|  71|0x000000070d800000, 0x000000070d800000, 0x000000070da00000|  0%| F|  |TAMS 0x000000070d800000| PB 0x000000070d800000| Untracked 
|  72|0x000000070da00000, 0x000000070da00000, 0x000000070dc00000|  0%| F|  |TAMS 0x000000070da00000| PB 0x000000070da00000| Untracked 
|  73|0x000000070dc00000, 0x000000070dc00000, 0x000000070de00000|  0%| F|  |TAMS 0x000000070dc00000| PB 0x000000070dc00000| Untracked 
|  74|0x000000070de00000, 0x000000070de00000, 0x000000070e000000|  0%| F|  |TAMS 0x000000070de00000| PB 0x000000070de00000| Untracked 
|  75|0x000000070e000000, 0x000000070e000000, 0x000000070e200000|  0%| F|  |TAMS 0x000000070e000000| PB 0x000000070e000000| Untracked 
|  76|0x000000070e200000, 0x000000070e200000, 0x000000070e400000|  0%| F|  |TAMS 0x000000070e200000| PB 0x000000070e200000| Untracked 
|  77|0x000000070e400000, 0x000000070e400000, 0x000000070e600000|  0%| F|  |TAMS 0x000000070e400000| PB 0x000000070e400000| Untracked 
|  78|0x000000070e600000, 0x000000070e600000, 0x000000070e800000|  0%| F|  |TAMS 0x000000070e600000| PB 0x000000070e600000| Untracked 
|  79|0x000000070e800000, 0x000000070e800000, 0x000000070ea00000|  0%| F|  |TAMS 0x000000070e800000| PB 0x000000070e800000| Untracked 
|  80|0x000000070ea00000, 0x000000070ea00000, 0x000000070ec00000|  0%| F|  |TAMS 0x000000070ea00000| PB 0x000000070ea00000| Untracked 
|  81|0x000000070ec00000, 0x000000070ec00000, 0x000000070ee00000|  0%| F|  |TAMS 0x000000070ec00000| PB 0x000000070ec00000| Untracked 
|  82|0x000000070ee00000, 0x000000070ee00000, 0x000000070f000000|  0%| F|  |TAMS 0x000000070ee00000| PB 0x000000070ee00000| Untracked 
|  83|0x000000070f000000, 0x000000070f000000, 0x000000070f200000|  0%| F|  |TAMS 0x000000070f000000| PB 0x000000070f000000| Untracked 
|  84|0x000000070f200000, 0x000000070f200000, 0x000000070f400000|  0%| F|  |TAMS 0x000000070f200000| PB 0x000000070f200000| Untracked 
|  85|0x000000070f400000, 0x000000070f400000, 0x000000070f600000|  0%| F|  |TAMS 0x000000070f400000| PB 0x000000070f400000| Untracked 
|  86|0x000000070f600000, 0x000000070f600000, 0x000000070f800000|  0%| F|  |TAMS 0x000000070f600000| PB 0x000000070f600000| Untracked 
|  87|0x000000070f800000, 0x000000070f800000, 0x000000070fa00000|  0%| F|  |TAMS 0x000000070f800000| PB 0x000000070f800000| Untracked 
|  88|0x000000070fa00000, 0x000000070fa00000, 0x000000070fc00000|  0%| F|  |TAMS 0x000000070fa00000| PB 0x000000070fa00000| Untracked 
|  89|0x000000070fc00000, 0x000000070fc00000, 0x000000070fe00000|  0%| F|  |TAMS 0x000000070fc00000| PB 0x000000070fc00000| Untracked 
|  90|0x000000070fe00000, 0x000000070fe00000, 0x0000000710000000|  0%| F|  |TAMS 0x000000070fe00000| PB 0x000000070fe00000| Untracked 
|  91|0x0000000710000000, 0x0000000710000000, 0x0000000710200000|  0%| F|  |TAMS 0x0000000710000000| PB 0x0000000710000000| Untracked 
|  92|0x0000000710200000, 0x0000000710200000, 0x0000000710400000|  0%| F|  |TAMS 0x0000000710200000| PB 0x0000000710200000| Untracked 
|  93|0x0000000710400000, 0x0000000710400000, 0x0000000710600000|  0%| F|  |TAMS 0x0000000710400000| PB 0x0000000710400000| Untracked 
|  94|0x0000000710600000, 0x0000000710600000, 0x0000000710800000|  0%| F|  |TAMS 0x0000000710600000| PB 0x0000000710600000| Untracked 
|  95|0x0000000710800000, 0x0000000710800000, 0x0000000710a00000|  0%| F|  |TAMS 0x0000000710800000| PB 0x0000000710800000| Untracked 
|  96|0x0000000710a00000, 0x0000000710a00000, 0x0000000710c00000|  0%| F|  |TAMS 0x0000000710a00000| PB 0x0000000710a00000| Untracked 
|  97|0x0000000710c00000, 0x0000000710c00000, 0x0000000710e00000|  0%| F|  |TAMS 0x0000000710c00000| PB 0x0000000710c00000| Untracked 
|  98|0x0000000710e00000, 0x0000000710e00000, 0x0000000711000000|  0%| F|  |TAMS 0x0000000710e00000| PB 0x0000000710e00000| Untracked 
|  99|0x0000000711000000, 0x0000000711000000, 0x0000000711200000|  0%| F|  |TAMS 0x0000000711000000| PB 0x0000000711000000| Untracked 
| 100|0x0000000711200000, 0x0000000711200000, 0x0000000711400000|  0%| F|  |TAMS 0x0000000711200000| PB 0x0000000711200000| Untracked 
| 101|0x0000000711400000, 0x0000000711400000, 0x0000000711600000|  0%| F|  |TAMS 0x0000000711400000| PB 0x0000000711400000| Untracked 
| 102|0x0000000711600000, 0x0000000711600000, 0x0000000711800000|  0%| F|  |TAMS 0x0000000711600000| PB 0x0000000711600000| Untracked 
| 103|0x0000000711800000, 0x0000000711800000, 0x0000000711a00000|  0%| F|  |TAMS 0x0000000711800000| PB 0x0000000711800000| Untracked 
| 104|0x0000000711a00000, 0x0000000711a00000, 0x0000000711c00000|  0%| F|  |TAMS 0x0000000711a00000| PB 0x0000000711a00000| Untracked 
| 105|0x0000000711c00000, 0x0000000711c00000, 0x0000000711e00000|  0%| F|  |TAMS 0x0000000711c00000| PB 0x0000000711c00000| Untracked 
| 106|0x0000000711e00000, 0x0000000711e00000, 0x0000000712000000|  0%| F|  |TAMS 0x0000000711e00000| PB 0x0000000711e00000| Untracked 
| 107|0x0000000712000000, 0x0000000712000000, 0x0000000712200000|  0%| F|  |TAMS 0x0000000712000000| PB 0x0000000712000000| Untracked 
| 108|0x0000000712200000, 0x0000000712200000, 0x0000000712400000|  0%| F|  |TAMS 0x0000000712200000| PB 0x0000000712200000| Untracked 
| 109|0x0000000712400000, 0x0000000712400000, 0x0000000712600000|  0%| F|  |TAMS 0x0000000712400000| PB 0x0000000712400000| Untracked 
| 110|0x0000000712600000, 0x0000000712600000, 0x0000000712800000|  0%| F|  |TAMS 0x0000000712600000| PB 0x0000000712600000| Untracked 
| 111|0x0000000712800000, 0x0000000712800000, 0x0000000712a00000|  0%| F|  |TAMS 0x0000000712800000| PB 0x0000000712800000| Untracked 
| 112|0x0000000712a00000, 0x0000000712a00000, 0x0000000712c00000|  0%| F|  |TAMS 0x0000000712a00000| PB 0x0000000712a00000| Untracked 
| 113|0x0000000712c00000, 0x0000000712c00000, 0x0000000712e00000|  0%| F|  |TAMS 0x0000000712c00000| PB 0x0000000712c00000| Untracked 
| 114|0x0000000712e00000, 0x0000000712e00000, 0x0000000713000000|  0%| F|  |TAMS 0x0000000712e00000| PB 0x0000000712e00000| Untracked 
| 115|0x0000000713000000, 0x0000000713000000, 0x0000000713200000|  0%| F|  |TAMS 0x0000000713000000| PB 0x0000000713000000| Untracked 
| 116|0x0000000713200000, 0x0000000713200000, 0x0000000713400000|  0%| F|  |TAMS 0x0000000713200000| PB 0x0000000713200000| Untracked 
| 117|0x0000000713400000, 0x0000000713400000, 0x0000000713600000|  0%| F|  |TAMS 0x0000000713400000| PB 0x0000000713400000| Untracked 
| 118|0x0000000713600000, 0x00000007137c6dd0, 0x0000000713800000| 88%| E|  |TAMS 0x0000000713600000| PB 0x0000000713600000| Complete 
| 119|0x0000000713800000, 0x0000000713a00000, 0x0000000713a00000|100%| E|CS|TAMS 0x0000000713800000| PB 0x0000000713800000| Complete 
| 120|0x0000000713a00000, 0x0000000713c00000, 0x0000000713c00000|100%| E|CS|TAMS 0x0000000713a00000| PB 0x0000000713a00000| Complete 
| 121|0x0000000713c00000, 0x0000000713e00000, 0x0000000713e00000|100%| E|CS|TAMS 0x0000000713c00000| PB 0x0000000713c00000| Complete 
| 122|0x0000000713e00000, 0x0000000714000000, 0x0000000714000000|100%| E|CS|TAMS 0x0000000713e00000| PB 0x0000000713e00000| Complete 
| 123|0x0000000714000000, 0x0000000714200000, 0x0000000714200000|100%| E|CS|TAMS 0x0000000714000000| PB 0x0000000714000000| Complete 
| 124|0x0000000714200000, 0x0000000714400000, 0x0000000714400000|100%| E|CS|TAMS 0x0000000714200000| PB 0x0000000714200000| Complete 
| 125|0x0000000714400000, 0x0000000714600000, 0x0000000714600000|100%| E|CS|TAMS 0x0000000714400000| PB 0x0000000714400000| Complete 

Card table byte_map: [0x000001ab9e070000,0x000001ab9e850000] _byte_map_base: 0x000001ab9a84b000

Marking Bits: (CMBitMap*) 0x000001ab8a7bd280
 Bits: [0x000001ab9e850000, 0x000001aba2728000)

Polling page: 0x000001ab8d8b0000

Metaspace:

Usage:
  Non-class:     14.73 MB used.
      Class:      1.77 MB used.
       Both:     16.50 MB used.

Virtual space:
  Non-class space:       64.00 MB reserved,      14.88 MB ( 23%) committed,  1 nodes.
      Class space:        1.00 GB reserved,       1.88 MB ( <1%) committed,  1 nodes.
             Both:        1.06 GB reserved,      16.75 MB (  2%) committed. 

Chunk freelists:
   Non-Class:  768.00 KB
       Class:  14.13 MB
        Both:  14.88 MB

MaxMetaspaceSize: unlimited
CompressedClassSpaceSize: 1.00 GB
Initial GC threshold: 21.00 MB
Current GC threshold: 21.00 MB
CDS: off
 - commit_granule_bytes: 65536.
 - commit_granule_words: 8192.
 - virtual_space_node_default_size: 8388608.
 - enlarge_chunks_in_place: 1.
 - use_allocation_guard: 0.


Internal statistics:

num_allocs_failed_limit: 0.
num_arena_births: 242.
num_arena_deaths: 0.
num_vsnodes_births: 2.
num_vsnodes_deaths: 0.
num_space_committed: 268.
num_space_uncommitted: 0.
num_chunks_returned_to_freelist: 0.
num_chunks_taken_from_freelist: 435.
num_chunk_merges: 0.
num_chunk_splits: 240.
num_chunks_enlarged: 112.
num_inconsistent_stats: 0.

CodeHeap 'non-profiled nmethods': size=119168Kb used=369Kb max_used=369Kb free=118798Kb
 bounds [0x000001ab95470000, 0x000001ab956e0000, 0x000001ab9c8d0000]
CodeHeap 'profiled nmethods': size=119104Kb used=2024Kb max_used=2024Kb free=117079Kb
 bounds [0x000001ab8d8d0000, 0x000001ab8db40000, 0x000001ab94d20000]
CodeHeap 'non-nmethods': size=7488Kb used=1970Kb max_used=1996Kb free=5517Kb
 bounds [0x000001ab94d20000, 0x000001ab94f90000, 0x000001ab95470000]
 total_blobs=1700 nmethods=1184 adapters=420
 compilation: enabled
              stopped_count=0, restarted_count=0
 full_count=0

Compilation events (20 events):
Event: 0.432 Thread 0x000001aba59dafb0 1174       3       jdk.internal.org.objectweb.asm.FieldVisitor::<init> (78 bytes)
Event: 0.432 Thread 0x000001aba5a7b860 1175       3       jdk.internal.org.objectweb.asm.FieldWriter::visitEnd (1 bytes)
Event: 0.432 Thread 0x000001aba5a7b860 nmethod 1175 0x000001ab8dac3f90 code [0x000001ab8dac4120, 0x000001ab8dac4228]
Event: 0.433 Thread 0x000001aba59dafb0 nmethod 1174 0x000001ab8dac4290 code [0x000001ab8dac44e0, 0x000001ab8dac4cc0]
Event: 0.433 Thread 0x000001aba5a7b860 1177       3       java.lang.invoke.MethodHandles$Lookup::linkMethodHandleConstant (223 bytes)
Event: 0.433 Thread 0x000001aba59dafb0 1176   !   3       java.lang.invoke.MethodHandleNatives::linkMethodHandleConstant (50 bytes)
Event: 0.433 Thread 0x000001aba59dafb0 nmethod 1176 0x000001ab8dac4f90 code [0x000001ab8dac5160, 0x000001ab8dac5368]
Event: 0.433 Thread 0x000001aba59dafb0 1178       3       java.lang.invoke.MemberName$Factory::resolveOrNull (54 bytes)
Event: 0.433 Thread 0x000001aba59dafb0 nmethod 1178 0x000001ab8dac5510 code [0x000001ab8dac56e0, 0x000001ab8dac5990]
Event: 0.433 Thread 0x000001aba59dafb0 1179       3       jdk.internal.misc.Unsafe::checkNativeAddress (28 bytes)
Event: 0.433 Thread 0x000001aba59dafb0 nmethod 1179 0x000001ab8dac5a90 code [0x000001ab8dac5c20, 0x000001ab8dac5d38]
Event: 0.433 Thread 0x000001aba5a7b860 nmethod 1177 0x000001ab8dac5e10 code [0x000001ab8dac6200, 0x000001ab8dac7ab8]
Event: 0.434 Thread 0x000001abaa609e10 nmethod 1166 0x000001ab954cb110 code [0x000001ab954cb2e0, 0x000001ab954cbaa8]
Event: 0.435 Thread 0x000001aba5a7b860 1180   !   3       jdk.internal.misc.ScopedMemoryAccess::copyMemory (27 bytes)
Event: 0.435 Thread 0x000001aba59dafb0 1181   !   3       jdk.internal.misc.ScopedMemoryAccess::copyMemoryInternal (56 bytes)
Event: 0.436 Thread 0x000001aba59dafb0 nmethod 1181 0x000001ab8dac8290 code [0x000001ab8dac8480, 0x000001ab8dac89c0]
Event: 0.436 Thread 0x000001aba5a7b860 nmethod 1180 0x000001ab8dac8d10 code [0x000001ab8dac8f20, 0x000001ab8dac9548]
Event: 0.436 Thread 0x000001aba59dafb0 1183       3       java.nio.ByteBuffer::hasArray (20 bytes)
Event: 0.436 Thread 0x000001aba59dafb0 nmethod 1183 0x000001ab8dac9910 code [0x000001ab8dac9ac0, 0x000001ab8dac9c68]
Event: 1.435 Thread 0x000001aba5a7b860 1182       1       java.util.concurrent.atomic.AtomicInteger::get (5 bytes)

GC Heap History (0 events):
No events

Dll operation events (2 events):
Event: 0.003 Loaded shared library D:\android sdk\android\jbr\bin\java.dll
Event: 0.006 Loaded shared library D:\android sdk\android\jbr\bin\zip.dll

Deoptimization events (20 events):
Event: 0.408 Thread 0x000001abaa48a130 Uncommon trap: trap_request=0xffffff66 fr.pc=0x000001ab954c25e4 relative=0x0000000000000304
Event: 0.408 Thread 0x000001abaa48a130 Uncommon trap: reason=speculate_class_check action=maybe_recompile pc=0x000001ab954c25e4 method=sun.security.util.math.intpoly.IntegerPolynomial.multByInt([JJ)V @ 26 c2
Event: 0.408 Thread 0x000001abaa48a130 DEOPT PACKING pc=0x000001ab954c25e4 sp=0x0000007e832fe110
Event: 0.408 Thread 0x000001abaa48a130 DEOPT UNPACKING pc=0x000001ab94d746a2 sp=0x0000007e832fdff8 mode 2
Event: 0.408 Thread 0x000001abaa48a130 Uncommon trap: trap_request=0xffffff66 fr.pc=0x000001ab954c25e4 relative=0x0000000000000304
Event: 0.408 Thread 0x000001abaa48a130 Uncommon trap: reason=speculate_class_check action=maybe_recompile pc=0x000001ab954c25e4 method=sun.security.util.math.intpoly.IntegerPolynomial.multByInt([JJ)V @ 26 c2
Event: 0.408 Thread 0x000001abaa48a130 DEOPT PACKING pc=0x000001ab954c25e4 sp=0x0000007e832fe110
Event: 0.408 Thread 0x000001abaa48a130 DEOPT UNPACKING pc=0x000001ab94d746a2 sp=0x0000007e832fdff8 mode 2
Event: 0.408 Thread 0x000001abaa48a130 Uncommon trap: trap_request=0xffffff66 fr.pc=0x000001ab954c25e4 relative=0x0000000000000304
Event: 0.408 Thread 0x000001abaa48a130 Uncommon trap: reason=speculate_class_check action=maybe_recompile pc=0x000001ab954c25e4 method=sun.security.util.math.intpoly.IntegerPolynomial.multByInt([JJ)V @ 26 c2
Event: 0.408 Thread 0x000001abaa48a130 DEOPT PACKING pc=0x000001ab954c25e4 sp=0x0000007e832fe110
Event: 0.408 Thread 0x000001abaa48a130 DEOPT UNPACKING pc=0x000001ab94d746a2 sp=0x0000007e832fdff8 mode 2
Event: 0.408 Thread 0x000001abaa48a130 Uncommon trap: trap_request=0xffffff66 fr.pc=0x000001ab954c3264 relative=0x0000000000000304
Event: 0.408 Thread 0x000001abaa48a130 Uncommon trap: reason=speculate_class_check action=maybe_recompile pc=0x000001ab954c3264 method=sun.security.util.math.intpoly.IntegerPolynomial.multByInt([JJ)V @ 26 c2
Event: 0.408 Thread 0x000001abaa48a130 DEOPT PACKING pc=0x000001ab954c3264 sp=0x0000007e832fe0a0
Event: 0.408 Thread 0x000001abaa48a130 DEOPT UNPACKING pc=0x000001ab94d746a2 sp=0x0000007e832fdff0 mode 2
Event: 0.408 Thread 0x000001abaa48a130 Uncommon trap: trap_request=0xffffff66 fr.pc=0x000001ab954c3264 relative=0x0000000000000304
Event: 0.408 Thread 0x000001abaa48a130 Uncommon trap: reason=speculate_class_check action=maybe_recompile pc=0x000001ab954c3264 method=sun.security.util.math.intpoly.IntegerPolynomial.multByInt([JJ)V @ 26 c2
Event: 0.408 Thread 0x000001abaa48a130 DEOPT PACKING pc=0x000001ab954c3264 sp=0x0000007e832fe0a0
Event: 0.408 Thread 0x000001abaa48a130 DEOPT UNPACKING pc=0x000001ab94d746a2 sp=0x0000007e832fdff0 mode 2

Classes loaded (20 events):
Event: 0.423 Loading class jdk/internal/event/TLSHandshakeEvent
Event: 0.423 Loading class jdk/internal/event/TLSHandshakeEvent done
Event: 0.423 Loading class com/sun/crypto/provider/GaloisCounterMode$GCMEncrypt
Event: 0.423 Loading class com/sun/crypto/provider/GaloisCounterMode$GCMEncrypt done
Event: 0.423 Loading class com/sun/crypto/provider/GaloisCounterMode$EncryptOp
Event: 0.423 Loading class com/sun/crypto/provider/GaloisCounterMode$EncryptOp done
Event: 0.423 Loading class sun/security/ssl/CipherSuite$1
Event: 0.423 Loading class sun/security/ssl/CipherSuite$1 done
Event: 0.424 Loading class java/util/concurrent/CompletionException
Event: 0.424 Loading class java/util/concurrent/CompletionException done
Event: 0.431 Loading class java/util/Collections$UnmodifiableMap$UnmodifiableEntrySet
Event: 0.431 Loading class java/util/Collections$UnmodifiableMap$UnmodifiableEntrySet done
Event: 0.431 Loading class java/util/Collections$UnmodifiableMap$UnmodifiableEntrySet$1
Event: 0.431 Loading class java/util/Collections$UnmodifiableMap$UnmodifiableEntrySet$1 done
Event: 0.431 Loading class java/util/Collections$UnmodifiableMap$UnmodifiableEntrySet$UnmodifiableEntry
Event: 0.432 Loading class java/util/Collections$UnmodifiableMap$UnmodifiableEntrySet$UnmodifiableEntry done
Event: 0.436 Loading class sun/security/ssl/NewSessionTicket$T13NewSessionTicketMessage
Event: 1.435 Loading class sun/security/ssl/NewSessionTicket$NewSessionTicketMessage
Event: 1.435 Loading class sun/security/ssl/NewSessionTicket$NewSessionTicketMessage done
Event: 1.435 Loading class sun/security/ssl/NewSessionTicket$T13NewSessionTicketMessage done

Classes unloaded (0 events):
No events

Classes redefined (0 events):
No events

Internal exceptions (20 events):
Event: 0.273 Thread 0x000001ab88cb2580 Exception <a 'java/lang/NoSuchMethodError'{0x0000000713ed34a0}: 'int java.lang.invoke.DirectMethodHandle$Holder.invokeStaticInit(java.lang.Object, long, long)'> (0x0000000713ed34a0) 
thrown [s\src\hotspot\share\interpreter\linkResolver.cpp, line 784]
Event: 0.274 Thread 0x000001ab88cb2580 Exception <a 'java/lang/NoSuchMethodError'{0x0000000713ed9db8}: 'int java.lang.invoke.DirectMethodHandle$Holder.invokeStaticInit(java.lang.Object, float, float)'> (0x0000000713ed9db8) 
thrown [s\src\hotspot\share\interpreter\linkResolver.cpp, line 784]
Event: 0.274 Thread 0x000001ab88cb2580 Exception <a 'java/lang/NoSuchMethodError'{0x0000000713ee07f0}: 'int java.lang.invoke.DirectMethodHandle$Holder.invokeStaticInit(java.lang.Object, double, double)'> (0x0000000713ee07f0) 
thrown [s\src\hotspot\share\interpreter\linkResolver.cpp, line 784]
Event: 0.274 Thread 0x000001ab88cb2580 Exception <a 'java/lang/NoSuchMethodError'{0x0000000713ee4c78}: 'int java.lang.invoke.DirectMethodHandle$Holder.invokeStatic(java.lang.Object, long)'> (0x0000000713ee4c78) 
thrown [s\src\hotspot\share\interpreter\linkResolver.cpp, line 784]
Event: 0.276 Thread 0x000001ab88cb2580 Exception <a 'java/lang/NoSuchMethodError'{0x0000000713f10d40}: 'java.lang.Object java.lang.invoke.DelegatingMethodHandle$Holder.delegate(java.lang.Object, int, java.lang.Object, java.lang.Object)'> (0x0000000713f10d40) 
thrown [s\src\hotspot\share\interpreter\linkResolver.cpp, line 784]
Event: 0.277 Thread 0x000001ab88cb2580 Exception <a 'java/lang/NoSuchMethodError'{0x0000000713f1fe50}: 'int java.lang.invoke.Invokers$Holder.linkToTargetMethod(java.lang.Object, java.lang.Object, java.lang.Object)'> (0x0000000713f1fe50) 
thrown [s\src\hotspot\share\interpreter\linkResolver.cpp, line 784]
Event: 0.279 Thread 0x000001ab88cb2580 Exception <a 'java/lang/NoSuchMethodError'{0x0000000713f4ea68}: 'long java.lang.invoke.DirectMethodHandle$Holder.invokeSpecial(java.lang.Object, java.lang.Object)'> (0x0000000713f4ea68) 
thrown [s\src\hotspot\share\interpreter\linkResolver.cpp, line 784]
Event: 0.279 Thread 0x000001ab88cb2580 Exception <a 'java/lang/NoSuchMethodError'{0x0000000713f55168}: 'int java.lang.invoke.DirectMethodHandle$Holder.invokeStatic(java.lang.Object, java.lang.Object, java.lang.Object, java.lang.Object)'> (0x0000000713f55168) 
thrown [s\src\hotspot\share\interpreter\linkResolver.cpp, line 784]
Event: 0.280 Thread 0x000001ab88cb2580 Exception <a 'java/lang/NoSuchMethodError'{0x0000000713f58538}: 'java.lang.Object java.lang.invoke.Invokers$Holder.invokeExact_MT(java.lang.Object, java.lang.Object, java.lang.Object, java.lang.Object, java.lang.Object, java.lang.Object)'> (0x0000000713f58538) 
thrown [s\src\hotspot\share\interpreter\linkResolver.cpp, line 784]
Event: 0.325 Thread 0x000001ab88cb2580 Exception <a 'java/lang/NoSuchMethodError'{0x0000000713cd3ef8}: 'java.lang.Object java.lang.invoke.DirectMethodHandle$Holder.newInvokeSpecial(java.lang.Object, java.lang.Object, java.lang.Object, java.lang.Object, java.lang.Object)'> (0x0000000713cd3ef8) 
thrown [s\src\hotspot\share\interpreter\linkResolver.cpp, line 784]
Event: 0.339 Thread 0x000001ab88cb2580 Exception <a 'java/lang/NoSuchMethodError'{0x0000000713a957f0}: 'java.lang.Object java.lang.invoke.DirectMethodHandle$Holder.invokeSpecial(java.lang.Object, java.lang.Object, java.lang.Object, java.lang.Object, int)'> (0x0000000713a957f0) 
thrown [s\src\hotspot\share\interpreter\linkResolver.cpp, line 784]
Event: 0.339 Thread 0x000001ab88cb2580 Exception <a 'java/lang/NoSuchMethodError'{0x0000000713a99138}: 'java.lang.Object java.lang.invoke.Invokers$Holder.linkToTargetMethod(java.lang.Object, java.lang.Object, int, java.lang.Object)'> (0x0000000713a99138) 
thrown [s\src\hotspot\share\interpreter\linkResolver.cpp, line 784]
Event: 0.343 Thread 0x000001ab88cb2580 Exception <a 'java/lang/NoSuchMethodError'{0x0000000713ac3e10}: 'void java.lang.invoke.DirectMethodHandle$Holder.invokeSpecial(java.lang.Object, java.lang.Object, java.lang.Object)'> (0x0000000713ac3e10) 
thrown [s\src\hotspot\share\interpreter\linkResolver.cpp, line 784]
Event: 0.348 Thread 0x000001ab88cb2580 Exception <a 'java/lang/NoSuchMethodError'{0x0000000713b3a648}: 'void java.lang.invoke.DirectMethodHandle$Holder.invokeSpecial(java.lang.Object, java.lang.Object, java.lang.Object, java.lang.Object, java.lang.Object)'> (0x0000000713b3a648) 
thrown [s\src\hotspot\share\interpreter\linkResolver.cpp, line 784]
Event: 0.349 Thread 0x000001abaa419920 Exception <a 'java/lang/NoSuchMethodError'{0x0000000713d0b540}: 'void java.lang.invoke.DirectMethodHandle$Holder.invokeStatic(java.lang.Object, java.lang.Object, int)'> (0x0000000713d0b540) 
thrown [s\src\hotspot\share\interpreter\linkResolver.cpp, line 784]
Event: 0.353 Thread 0x000001abaa419920 Exception <a 'java/lang/NoSuchMethodError'{0x0000000713d43760}: 'void java.lang.invoke.DirectMethodHandle$Holder.invokeStatic(java.lang.Object, java.lang.Object)'> (0x0000000713d43760) 
thrown [s\src\hotspot\share\interpreter\linkResolver.cpp, line 784]
Event: 0.353 Thread 0x000001abaa48a130 Exception <a 'java/lang/NoSuchMethodError'{0x0000000713b946d0}: 'void java.lang.invoke.DirectMethodHandle$Holder.invokeInterface(java.lang.Object, java.lang.Object, java.lang.Object)'> (0x0000000713b946d0) 
thrown [s\src\hotspot\share\interpreter\linkResolver.cpp, line 784]
Event: 0.356 Thread 0x000001abaa48a130 Exception <a 'java/lang/NoSuchMethodError'{0x0000000713bdd638}: 'void java.lang.invoke.DirectMethodHandle$Holder.invokeVirtual(java.lang.Object, java.lang.Object)'> (0x0000000713bdd638) 
thrown [s\src\hotspot\share\interpreter\linkResolver.cpp, line 784]
Event: 0.405 Thread 0x000001abaa48a130 Exception <a 'java/lang/NoSuchMethodError'{0x00000007139da4d0}: 'void java.lang.invoke.DirectMethodHandle$Holder.invokeInterface(java.lang.Object, java.lang.Object)'> (0x00000007139da4d0) 
thrown [s\src\hotspot\share\interpreter\linkResolver.cpp, line 784]
Event: 0.423 Thread 0x000001abaa48a130 Exception <a 'java/lang/NoSuchMethodError'{0x000000071364b4e8}: 'void java.lang.invoke.DirectMethodHandle$Holder.invokeStatic(java.lang.Object, java.lang.Object, java.lang.Object, java.lang.Object)'> (0x000000071364b4e8) 
thrown [s\src\hotspot\share\interpreter\linkResolver.cpp, line 784]

ZGC Phase Switch (0 events):
No events

VM Operations (11 events):
Event: 0.060 Executing VM operation: HandshakeAllThreads (Deoptimize)
Event: 0.060 Executing VM operation: HandshakeAllThreads (Deoptimize) done
Event: 0.064 Executing VM operation: HandshakeAllThreads (Deoptimize)
Event: 0.064 Executing VM operation: HandshakeAllThreads (Deoptimize) done
Event: 0.142 Executing VM operation: HandshakeAllThreads (Deoptimize)
Event: 0.142 Executing VM operation: HandshakeAllThreads (Deoptimize) done
Event: 0.351 Executing VM operation: HandshakeAllThreads (Deoptimize)
Event: 0.351 Executing VM operation: HandshakeAllThreads (Deoptimize) done
Event: 0.417 Executing VM operation: ICBufferFull
Event: 0.417 Executing VM operation: ICBufferFull done
Event: 1.418 Executing VM operation: Cleanup

Events (20 events):
Event: 0.032 Thread 0x000001aba59cd560 Thread added: 0x000001aba59cd560
Event: 0.032 Thread 0x000001aba59cdfc0 Thread added: 0x000001aba59cdfc0
Event: 0.032 Thread 0x000001aba59cea20 Thread added: 0x000001aba59cea20
Event: 0.032 Thread 0x000001aba59cf7b0 Thread added: 0x000001aba59cf7b0
Event: 0.032 Thread 0x000001aba59dafb0 Thread added: 0x000001aba59dafb0
Event: 0.043 Thread 0x000001aba5a7b860 Thread added: 0x000001aba5a7b860
Event: 0.046 Thread 0x000001aba5b8ff70 Thread added: 0x000001aba5b8ff70
Event: 0.048 Thread 0x000001aba5ba0a30 Thread added: 0x000001aba5ba0a30
Event: 0.052 Loaded shared library D:\android sdk\android\jbr\bin\net.dll
Event: 0.053 Loaded shared library D:\android sdk\android\jbr\bin\nio.dll
Event: 0.057 Loaded shared library D:\android sdk\android\jbr\bin\zip.dll
Event: 0.091 Loaded shared library D:\android sdk\android\jbr\bin\jimage.dll
Event: 0.320 Loaded shared library D:\android sdk\android\jbr\bin\extnet.dll
Event: 0.323 Thread 0x000001abaa419920 Thread added: 0x000001abaa419920
Event: 0.352 Thread 0x000001abaa48a130 Thread added: 0x000001abaa48a130
Event: 0.358 Thread 0x000001abaa49ebb0 Thread added: 0x000001abaa49ebb0
Event: 0.376 Thread 0x000001abaa5a7700 Thread added: 0x000001abaa5a7700
Event: 0.376 Thread 0x000001abaa609760 Thread added: 0x000001abaa609760
Event: 0.377 Thread 0x000001abaa609e10 Thread added: 0x000001abaa609e10
Event: 0.377 Thread 0x000001abaa552020 Thread added: 0x000001abaa552020


Dynamic libraries:
0x00007ff73c0d0000 - 0x00007ff73c0da000 	D:\android sdk\android\jbr\bin\java.exe
0x00007fff34b20000 - 0x00007fff34d83000 	C:\WINDOWS\SYSTEM32\ntdll.dll
0x00007fff336c0000 - 0x00007fff33787000 	C:\WINDOWS\System32\KERNEL32.DLL
0x00007fff32360000 - 0x00007fff32729000 	C:\WINDOWS\System32\KERNELBASE.dll
0x00007fff32730000 - 0x00007fff3287c000 	C:\WINDOWS\System32\ucrtbase.dll
0x00007fff1fdf0000 - 0x00007fff1fe08000 	D:\android sdk\android\jbr\bin\jli.dll
0x00007fff1ff10000 - 0x00007fff1ff2b000 	D:\android sdk\android\jbr\bin\VCRUNTIME140.dll
0x00007fff32b60000 - 0x00007fff32d2a000 	C:\WINDOWS\System32\USER32.dll
0x00007fff31f10000 - 0x00007fff31f37000 	C:\WINDOWS\System32\win32u.dll
0x00007fff15a60000 - 0x00007fff15cf0000 	C:\WINDOWS\WinSxS\amd64_microsoft.windows.common-controls_6595b64144ccf1df_6.0.26100.3323_none_3e088096e3344490\COMCTL32.dll
0x00007fff34740000 - 0x00007fff3476a000 	C:\WINDOWS\System32\GDI32.dll
0x00007fff333d0000 - 0x00007fff33479000 	C:\WINDOWS\System32\msvcrt.dll
0x00007fff31dd0000 - 0x00007fff31f01000 	C:\WINDOWS\System32\gdi32full.dll
0x00007fff31d20000 - 0x00007fff31dc3000 	C:\WINDOWS\System32\msvcp_win.dll
0x00007fff34150000 - 0x00007fff3417f000 	C:\WINDOWS\System32\IMM32.DLL
0x00007fff28bb0000 - 0x00007fff28bbc000 	D:\android sdk\android\jbr\bin\vcruntime140_1.dll
0x00007fff1c340000 - 0x00007fff1c3cd000 	D:\android sdk\android\jbr\bin\msvcp140.dll
0x00007ffe8a360000 - 0x00007ffe8afdd000 	D:\android sdk\android\jbr\bin\server\jvm.dll
0x00007fff34190000 - 0x00007fff34242000 	C:\WINDOWS\System32\ADVAPI32.dll
0x00007fff32ab0000 - 0x00007fff32b56000 	C:\WINDOWS\System32\sechost.dll
0x00007fff34780000 - 0x00007fff34896000 	C:\WINDOWS\System32\RPCRT4.dll
0x00007fff34a60000 - 0x00007fff34ad4000 	C:\WINDOWS\System32\WS2_32.dll
0x00007fff309d0000 - 0x00007fff30a1e000 	C:\WINDOWS\SYSTEM32\POWRPROF.dll
0x00007fff24620000 - 0x00007fff24656000 	C:\WINDOWS\SYSTEM32\WINMM.dll
0x00007fff26ff0000 - 0x00007fff26ffb000 	C:\WINDOWS\SYSTEM32\VERSION.dll
0x00007fff309b0000 - 0x00007fff309c4000 	C:\WINDOWS\SYSTEM32\UMPDC.dll
0x00007fff30c50000 - 0x00007fff30c6a000 	C:\WINDOWS\SYSTEM32\kernel.appcore.dll
0x00007fff1fdb0000 - 0x00007fff1fdba000 	D:\android sdk\android\jbr\bin\jimage.dll
0x00007fff2f500000 - 0x00007fff2f741000 	C:\WINDOWS\SYSTEM32\DBGHELP.DLL
0x00007fff343b0000 - 0x00007fff34732000 	C:\WINDOWS\System32\combase.dll
0x00007fff34250000 - 0x00007fff34326000 	C:\WINDOWS\System32\OLEAUT32.dll
0x00007fff13ad0000 - 0x00007fff13b09000 	C:\WINDOWS\SYSTEM32\dbgcore.DLL
0x00007fff320c0000 - 0x00007fff32159000 	C:\WINDOWS\System32\bcryptPrimitives.dll
0x00007fff1fb50000 - 0x00007fff1fb6f000 	D:\android sdk\android\jbr\bin\java.dll
0x00007fff1f960000 - 0x00007fff1f978000 	D:\android sdk\android\jbr\bin\zip.dll
0x00007fff33930000 - 0x00007fff34045000 	C:\WINDOWS\System32\SHELL32.dll
0x00007fff321f0000 - 0x00007fff32358000 	C:\WINDOWS\System32\wintypes.dll
0x00007fff2fa40000 - 0x00007fff30285000 	C:\WINDOWS\SYSTEM32\windows.storage.dll
0x00007fff33500000 - 0x00007fff335eb000 	C:\WINDOWS\System32\SHCORE.dll
0x00007fff34900000 - 0x00007fff3495d000 	C:\WINDOWS\System32\shlwapi.dll
0x00007fff31c30000 - 0x00007fff31c5f000 	C:\WINDOWS\SYSTEM32\profapi.dll
0x00007fff1fd80000 - 0x00007fff1fd90000 	D:\android sdk\android\jbr\bin\net.dll
0x00007fff282a0000 - 0x00007fff283be000 	C:\WINDOWS\SYSTEM32\WINHTTP.dll
0x00007fff31170000 - 0x00007fff311da000 	C:\WINDOWS\system32\mswsock.dll
0x00007fff1e620000 - 0x00007fff1e636000 	D:\android sdk\android\jbr\bin\nio.dll
0x00007fff31410000 - 0x00007fff3142c000 	C:\WINDOWS\SYSTEM32\CRYPTSP.dll
0x00007fff30bb0000 - 0x00007fff30bea000 	C:\WINDOWS\system32\rsaenh.dll
0x00007fff31210000 - 0x00007fff3123b000 	C:\WINDOWS\SYSTEM32\USERENV.dll
0x00007fff31650000 - 0x00007fff31676000 	C:\WINDOWS\SYSTEM32\bcrypt.dll
0x00007fff31430000 - 0x00007fff3143c000 	C:\WINDOWS\SYSTEM32\CRYPTBASE.dll
0x00007fff30660000 - 0x00007fff30693000 	C:\WINDOWS\SYSTEM32\IPHLPAPI.DLL
0x00007fff335f0000 - 0x00007fff335fa000 	C:\WINDOWS\System32\NSI.dll
0x00007ffef55f0000 - 0x00007ffef55f8000 	C:\WINDOWS\system32\wshunix.dll
0x00007fff1e110000 - 0x00007fff1e119000 	D:\android sdk\android\jbr\bin\extnet.dll

dbghelp: loaded successfully - version: 4.0.5 - missing functions: none
symbol engine: initialized successfully - sym options: 0x614 - pdb path: .;D:\android sdk\android\jbr\bin;C:\WINDOWS\SYSTEM32;C:\WINDOWS\WinSxS\amd64_microsoft.windows.common-controls_6595b64144ccf1df_6.0.26100.3323_none_3e088096e3344490;D:\android sdk\android\jbr\bin\server

VM Arguments:
java_command: git4idea.http.GitAskPassApp Username for 'https://github.com': 
java_class_path (initial): D:/android sdk/android/plugins/vcs-git/lib/git4idea-rt.jar;D:/android sdk/android/lib/externalProcess-rt.jar
Launcher Type: SUN_STANDARD

[Global flags]
     intx CICompilerCount                          = 12                                        {product} {ergonomic}
     uint ConcGCThreads                            = 3                                         {product} {ergonomic}
     uint G1ConcRefinementThreads                  = 13                                        {product} {ergonomic}
   size_t G1HeapRegionSize                         = 2097152                                   {product} {ergonomic}
    uintx GCDrainStackTargetSize                   = 64                                        {product} {ergonomic}
   size_t InitialHeapSize                          = 264241152                                 {product} {ergonomic}
   size_t MarkStackSize                            = 4194304                                   {product} {ergonomic}
   size_t MaxHeapSize                              = 4217372672                                {product} {ergonomic}
   size_t MaxNewSize                               = 2529165312                                {product} {ergonomic}
   size_t MinHeapDeltaBytes                        = 2097152                                   {product} {ergonomic}
   size_t MinHeapSize                              = 8388608                                   {product} {ergonomic}
    uintx NonNMethodCodeHeapSize                   = 7602480                                {pd product} {ergonomic}
    uintx NonProfiledCodeHeapSize                  = 122027880                              {pd product} {ergonomic}
    uintx ProfiledCodeHeapSize                     = 122027880                              {pd product} {ergonomic}
    uintx ReservedCodeCacheSize                    = 251658240                              {pd product} {ergonomic}
     bool SegmentedCodeCache                       = true                                      {product} {ergonomic}
   size_t SoftMaxHeapSize                          = 4217372672                             {manageable} {ergonomic}
     bool UseCompressedOops                        = true                           {product lp64_product} {ergonomic}
     bool UseG1GC                                  = true                                      {product} {ergonomic}
     bool UseLargePagesIndividualAllocation        = false                                  {pd product} {ergonomic}

Logging:
Log output configuration:
 #0: stdout all=warning uptime,level,tags foldmultilines=false
 #1: stderr all=off uptime,level,tags foldmultilines=false

Environment Variables:
PATH=D:\Git\mingw64\libexec\git-core;D:\Git\mingw64\libexec\git-core;D:\Git\mingw64\bin;D:\Git\usr\bin;C:\Users\msi_k\bin;C:\Program Files\Common Files\Oracle\Java\javapath;C:\Program Files (x86)\Common Files\Oracle\Java\java8path;C:\Program Files (x86)\Common Files\Oracle\Java\javapath;C:\Windows\system32;C:\Windows;C:\Windows\System32\Wbem;C:\Windows\System32\WindowsPowerShell\v1.0;C:\Windows\System32\OpenSSH;C:\Program Files (x86)\NVIDIA Corporation\PhysX\Common;C:\Program Files\dotnet;C:\Program Files (x86)\Microsoft SQL Server\160\Tools\Binn;C:\Program Files\Microsoft SQL Server\160\Tools\Binn;C:\Program Files\Microsoft SQL Server\Client SDK\ODBC\170\Tools\Binn;C:\Program Files\Microsoft SQL Server\160\DTS\Binn;C:\Program Files (x86)\Microsoft SQL Server\160\DTS\Binn;C:\Program Files\NVIDIA Corporation\NVIDIA app\NvDLISR;C:\Program Files\nodejs;C:\Program Files\Microsoft SQL Server\150\Tools\Binn;C:\WINDOWS\system32;C:\WINDOWS;C:\WINDOWS\System32\Wbem;C:\WINDOWS\System32\WindowsPowerShell\v1.0;C:\WINDOWS\System32\OpenSSH;D:\Git\cmd;C:\Users\msi_k\AppData\Local\Microsoft\WindowsApps;C:\Users\msi_k\AppData\Local\spicetify;C:\Users\msi_k\.dotnet\tools;C:\Users\msi_k\AppData\Local\Programs\Microsoft VS Code\bin;C:\Users\msi_k\AppData\Roaming\npm;C:\Users\msi_k\AppData\Local\Microsoft\WindowsApps;C:\Users\msi_k\AppData\Local\Microsoft\WinGet\Packages\Schniz.fnm_Microsoft.Winget.Source_8wekyb3d8bbwe
USERNAME=msi_k
DISPLAY=:0.0
LC_ALL=en_US.UTF-8
TERM=xterm-256color
TMPDIR=C:\Users\msi_k\AppData\Local\Temp
OS=Windows_NT
PROCESSOR_IDENTIFIER=Intel64 Family 6 Model 186 Stepping 2, GenuineIntel
TMP=C:\Users\msi_k\AppData\Local\Temp
TEMP=C:\Users\msi_k\AppData\Local\Temp




Periodic native trim disabled

JNI global refs:
JNI global refs: 28, weak refs: 0

JNI global refs memory usage: 835, weak refs: 833

Process memory usage:
Resident Set Size: 87636K (0% of 16473604K total physical memory with 1312636K free physical memory)

OOME stack traces (most recent first):
Classloader memory used:
Loader bootstrap                                                                       : 15108K
Loader jdk.internal.loader.ClassLoaders$PlatformClassLoader                            : 1792K
Loader jdk.internal.loader.ClassLoaders$AppClassLoader                                 : 16456B

---------------  S Y S T E M  ---------------

OS:
 Windows 11 , 64 bit Build 26100 (10.0.26100.3323)
OS uptime: 0 days 1:56 hours

CPU: total 16 (initial active 16) (8 cores per cpu, 2 threads per core) family 6 model 186 stepping 2 microcode 0x410e, cx8, cmov, fxsr, ht, mmx, 3dnowpref, sse, sse2, sse3, ssse3, sse4.1, sse4.2, popcnt, lzcnt, tsc, tscinvbit, avx, avx2, aes, erms, clmul, bmi1, bmi2, adx, sha, fma, vzeroupper, clflush, clflushopt, clwb, serialize, rdtscp, rdpid, fsrm, f16c, pku, cet_ibt, cet_ss
Processor Information for all 16 processors :
  Max Mhz: 2400, Current Mhz: 2400, Mhz Limit: 2400

Memory: 4k page, system-wide physical 16087M (1281M free)
TotalPageFile size 24808M (AvailPageFile size 32M)
current process WorkingSet (physical memory assigned to process): 85M, peak: 85M
current process commit charge ("private bytes"): 371M, peak: 373M

vm_info: OpenJDK 64-Bit Server VM (21.0.3+-12282718-b509.11) for windows-amd64 JRE (21.0.3+-12282718-b509.11), built on 2024-08-27T17:34:15Z by "builder" with MS VC++ 16.10 / 16.11 (VS2019)

END.
